make --dry-run --always-make --keep-going --print-directory
make: Entering directory '/home/code/work/LineJumper'
ldc2 -betterC --defaultlib=no -mtriple=arm-none-eabi -mcpu=arm7tdmi -mattr=+strict-align,+loop-align -Isource --d-version=DevkitARM --d-version=CRuntime_Newlib_GBA --d-version=_GBA -function-sections -Ilibd -O2 -frame-pointer=none -ffast-math -c -of=libd/libtind/ds/vector.o libd/libtind/ds/vector.d
ldc2 -betterC --defaultlib=no -mtriple=arm-none-eabi -mcpu=arm7tdmi -mattr=+strict-align,+loop-align -Isource --d-version=DevkitARM --d-version=CRuntime_Newlib_GBA --d-version=_GBA -function-sections -Ilibd -O2 -frame-pointer=none -ffast-math -c -of=libd/libtind/ds/dict.o libd/libtind/ds/dict.d
ldc2 -betterC --defaultlib=no -mtriple=arm-none-eabi -mcpu=arm7tdmi -mattr=+strict-align,+loop-align -Isource --d-version=DevkitARM --d-version=CRuntime_Newlib_GBA --d-version=_GBA -function-sections -Ilibd -O2 -frame-pointer=none -ffast-math -c -of=libd/libtind/ds/heap.o libd/libtind/ds/heap.d
ldc2 -betterC --defaultlib=no -mtriple=arm-none-eabi -mcpu=arm7tdmi -mattr=+strict-align,+loop-align -Isource --d-version=DevkitARM --d-version=CRuntime_Newlib_GBA --d-version=_GBA -function-sections -Ilibd -O2 -frame-pointer=none -ffast-math -c -of=libd/libtind/ds/set.o libd/libtind/ds/set.d
ldc2 -betterC --defaultlib=no -mtriple=arm-none-eabi -mcpu=arm7tdmi -mattr=+strict-align,+loop-align -Isource --d-version=DevkitARM --d-version=CRuntime_Newlib_GBA --d-version=_GBA -function-sections -Ilibd -O2 -frame-pointer=none -ffast-math -c -of=libd/libtind/ds/deque.o libd/libtind/ds/deque.d
ldc2 -betterC --defaultlib=no -mtriple=arm-none-eabi -mcpu=arm7tdmi -mattr=+strict-align,+loop-align -Isource --d-version=DevkitARM --d-version=CRuntime_Newlib_GBA --d-version=_GBA -function-sections -Ilibd -O2 -frame-pointer=none -ffast-math -c -of=libd/libtind/functional.o libd/libtind/functional.d
ldc2 -betterC --defaultlib=no -mtriple=arm-none-eabi -mcpu=arm7tdmi -mattr=+strict-align,+loop-align -Isource --d-version=DevkitARM --d-version=CRuntime_Newlib_GBA --d-version=_GBA -function-sections -Ilibd -O2 -frame-pointer=none -ffast-math -c -of=libd/libtind/mmio.o libd/libtind/mmio.d
ldc2 -betterC --defaultlib=no -mtriple=arm-none-eabi -mcpu=arm7tdmi -mattr=+strict-align,+loop-align -Isource --d-version=DevkitARM --d-version=CRuntime_Newlib_GBA --d-version=_GBA -function-sections -Ilibd -O2 -frame-pointer=none -ffast-math -c -of=libd/libtind/util.o libd/libtind/util.d
ldc2 -betterC --defaultlib=no -mtriple=arm-none-eabi -mcpu=arm7tdmi -mattr=+strict-align,+loop-align -Isource --d-version=DevkitARM --d-version=CRuntime_Newlib_GBA --d-version=_GBA -function-sections -Ilibd -O2 -frame-pointer=none -ffast-math -c -of=libd/libtind/nullable.o libd/libtind/nullable.d
ldc2 -betterC --defaultlib=no -mtriple=arm-none-eabi -mcpu=arm7tdmi -mattr=+strict-align,+loop-align -Isource --d-version=DevkitARM --d-version=CRuntime_Newlib_GBA --d-version=_GBA -function-sections -Ilibd -O2 -frame-pointer=none -ffast-math -c -of=libd/bcmath/transform.o libd/bcmath/transform.d
ldc2 -betterC --defaultlib=no -mtriple=arm-none-eabi -mcpu=arm7tdmi -mattr=+strict-align,+loop-align -Isource --d-version=DevkitARM --d-version=CRuntime_Newlib_GBA --d-version=_GBA -function-sections -Ilibd -O2 -frame-pointer=none -ffast-math -c -of=libd/bcmath/box.o libd/bcmath/box.d
ldc2 -betterC --defaultlib=no -mtriple=arm-none-eabi -mcpu=arm7tdmi -mattr=+strict-align,+loop-align -Isource --d-version=DevkitARM --d-version=CRuntime_Newlib_GBA --d-version=_GBA -function-sections -Ilibd -O2 -frame-pointer=none -ffast-math -c -of=libd/bcmath/vector.o libd/bcmath/vector.d
ldc2 -betterC --defaultlib=no -mtriple=arm-none-eabi -mcpu=arm7tdmi -mattr=+strict-align,+loop-align -Isource --d-version=DevkitARM --d-version=CRuntime_Newlib_GBA --d-version=_GBA -function-sections -Ilibd -O2 -frame-pointer=none -ffast-math -c -of=libd/bcmath/package.o libd/bcmath/package.d
ldc2 -betterC --defaultlib=no -mtriple=arm-none-eabi -mcpu=arm7tdmi -mattr=+strict-align,+loop-align -Isource --d-version=DevkitARM --d-version=CRuntime_Newlib_GBA --d-version=_GBA -function-sections -Ilibd -O2 -frame-pointer=none -ffast-math -c -of=libd/bcmath/valuerange.o libd/bcmath/valuerange.d
ldc2 -betterC --defaultlib=no -mtriple=arm-none-eabi -mcpu=arm7tdmi -mattr=+strict-align,+loop-align -Isource --d-version=DevkitARM --d-version=CRuntime_Newlib_GBA --d-version=_GBA -function-sections -Ilibd -O2 -frame-pointer=none -ffast-math -c -of=libd/bcmath/hexagrid2d.o libd/bcmath/hexagrid2d.d
ldc2 -betterC --defaultlib=no -mtriple=arm-none-eabi -mcpu=arm7tdmi -mattr=+strict-align,+loop-align -Isource --d-version=DevkitARM --d-version=CRuntime_Newlib_GBA --d-version=_GBA -function-sections -Ilibd -O2 -frame-pointer=none -ffast-math -c -of=libd/bcmath/cmath.o libd/bcmath/cmath.d
ldc2 -betterC --defaultlib=no -mtriple=arm-none-eabi -mcpu=arm7tdmi -mattr=+strict-align,+loop-align -Isource --d-version=DevkitARM --d-version=CRuntime_Newlib_GBA --d-version=_GBA -function-sections -Ilibd -O2 -frame-pointer=none -ffast-math -c -of=libd/bcmath/easings.o libd/bcmath/easings.d
ldc2 -betterC --defaultlib=no -mtriple=arm-none-eabi -mcpu=arm7tdmi -mattr=+strict-align,+loop-align -Isource --d-version=DevkitARM --d-version=CRuntime_Newlib_GBA --d-version=_GBA -function-sections -Ilibd -O2 -frame-pointer=none -ffast-math -c -of=libd/bcmath/matrix.o libd/bcmath/matrix.d
ldc2 -betterC --defaultlib=no -mtriple=arm-none-eabi -mcpu=arm7tdmi -mattr=+strict-align,+loop-align -Isource --d-version=DevkitARM --d-version=CRuntime_Newlib_GBA --d-version=_GBA -function-sections -Ilibd -O2 -frame-pointer=none -ffast-math -c -of=libd/bcmath/misc.o libd/bcmath/misc.d
ldc2 -betterC --defaultlib=no -mtriple=arm-none-eabi -mcpu=arm7tdmi -mattr=+strict-align,+loop-align -Isource --d-version=DevkitARM --d-version=CRuntime_Newlib_GBA --d-version=_GBA -function-sections -Ilibd -O2 -frame-pointer=none -ffast-math -c -of=libd/bclib/adt.o libd/bclib/adt.d
ldc2 -betterC --defaultlib=no -mtriple=arm-none-eabi -mcpu=arm7tdmi -mattr=+strict-align,+loop-align -Isource --d-version=DevkitARM --d-version=CRuntime_Newlib_GBA --d-version=_GBA -function-sections -Ilibd -O2 -frame-pointer=none -ffast-math -c -of=libd/bclib/memory/box.o libd/bclib/memory/box.d
ldc2 -betterC --defaultlib=no -mtriple=arm-none-eabi -mcpu=arm7tdmi -mattr=+strict-align,+loop-align -Isource --d-version=DevkitARM --d-version=CRuntime_Newlib_GBA --d-version=_GBA -function-sections -Ilibd -O2 -frame-pointer=none -ffast-math -c -of=libd/bclib/memory/package.o libd/bclib/memory/package.d
ldc2 -betterC --defaultlib=no -mtriple=arm-none-eabi -mcpu=arm7tdmi -mattr=+strict-align,+loop-align -Isource --d-version=DevkitARM --d-version=CRuntime_Newlib_GBA --d-version=_GBA -function-sections -Ilibd -O2 -frame-pointer=none -ffast-math -c -of=libd/bclib/memory/allocator/default_allocator.o libd/bclib/memory/allocator/default_allocator.d
ldc2 -betterC --defaultlib=no -mtriple=arm-none-eabi -mcpu=arm7tdmi -mattr=+strict-align,+loop-align -Isource --d-version=DevkitARM --d-version=CRuntime_Newlib_GBA --d-version=_GBA -function-sections -Ilibd -O2 -frame-pointer=none -ffast-math -c -of=libd/bclib/memory/allocator/counter_allocator.o libd/bclib/memory/allocator/counter_allocator.d
ldc2 -betterC --defaultlib=no -mtriple=arm-none-eabi -mcpu=arm7tdmi -mattr=+strict-align,+loop-align -Isource --d-version=DevkitARM --d-version=CRuntime_Newlib_GBA --d-version=_GBA -function-sections -Ilibd -O2 -frame-pointer=none -ffast-math -c -of=libd/bclib/memory/util.o libd/bclib/memory/util.d
ldc2 -betterC --defaultlib=no -mtriple=arm-none-eabi -mcpu=arm7tdmi -mattr=+strict-align,+loop-align -Isource --d-version=DevkitARM --d-version=CRuntime_Newlib_GBA --d-version=_GBA -function-sections -Ilibd -O2 -frame-pointer=none -ffast-math -c -of=libd/bclib/traits/package.o libd/bclib/traits/package.d
ldc2 -betterC --defaultlib=no -mtriple=arm-none-eabi -mcpu=arm7tdmi -mattr=+strict-align,+loop-align -Isource --d-version=DevkitARM --d-version=CRuntime_Newlib_GBA --d-version=_GBA -function-sections -Ilibd -O2 -frame-pointer=none -ffast-math -c -of=libd/bclib/traits/traits.o libd/bclib/traits/traits.d
ldc2 -betterC --defaultlib=no -mtriple=arm-none-eabi -mcpu=arm7tdmi -mattr=+strict-align,+loop-align -Isource --d-version=DevkitARM --d-version=CRuntime_Newlib_GBA --d-version=_GBA -function-sections -Ilibd -O2 -frame-pointer=none -ffast-math -c -of=libd/bclib/format.o libd/bclib/format.d
ldc2 -betterC --defaultlib=no -mtriple=arm-none-eabi -mcpu=arm7tdmi -mattr=+strict-align,+loop-align -Isource --d-version=DevkitARM --d-version=CRuntime_Newlib_GBA --d-version=_GBA -function-sections -Ilibd -O2 -frame-pointer=none -ffast-math -c -of=libd/bclib/allocator/package.o libd/bclib/allocator/package.d
ldc2 -betterC --defaultlib=no -mtriple=arm-none-eabi -mcpu=arm7tdmi -mattr=+strict-align,+loop-align -Isource --d-version=DevkitARM --d-version=CRuntime_Newlib_GBA --d-version=_GBA -function-sections -Ilibd -O2 -frame-pointer=none -ffast-math -c -of=libd/bclib/allocator/allocator_interface.o libd/bclib/allocator/allocator_interface.d
ldc2 -betterC --defaultlib=no -mtriple=arm-none-eabi -mcpu=arm7tdmi -mattr=+strict-align,+loop-align -Isource --d-version=DevkitARM --d-version=CRuntime_Newlib_GBA --d-version=_GBA -function-sections -Ilibd -O2 -frame-pointer=none -ffast-math -c -of=libd/bclib/bitop.o libd/bclib/bitop.d
ldc2 -betterC --defaultlib=no -mtriple=arm-none-eabi -mcpu=arm7tdmi -mattr=+strict-align,+loop-align -Isource --d-version=DevkitARM --d-version=CRuntime_Newlib_GBA --d-version=_GBA -function-sections -Ilibd -O2 -frame-pointer=none -ffast-math -c -of=libd/bclib/io/package.o libd/bclib/io/package.d
ldc2 -betterC --defaultlib=no -mtriple=arm-none-eabi -mcpu=arm7tdmi -mattr=+strict-align,+loop-align -Isource --d-version=DevkitARM --d-version=CRuntime_Newlib_GBA --d-version=_GBA -function-sections -Ilibd -O2 -frame-pointer=none -ffast-math -c -of=libd/bclib/io/print.o libd/bclib/io/print.d
ldc2 -betterC --defaultlib=no -mtriple=arm-none-eabi -mcpu=arm7tdmi -mattr=+strict-align,+loop-align -Isource --d-version=DevkitARM --d-version=CRuntime_Newlib_GBA --d-version=_GBA -function-sections -Ilibd -O2 -frame-pointer=none -ffast-math -c -of=libd/bclib/io/stdout.o libd/bclib/io/stdout.d
ldc2 -betterC --defaultlib=no -mtriple=arm-none-eabi -mcpu=arm7tdmi -mattr=+strict-align,+loop-align -Isource --d-version=DevkitARM --d-version=CRuntime_Newlib_GBA --d-version=_GBA -function-sections -Ilibd -O2 -frame-pointer=none -ffast-math -c -of=libd/bclib/string.o libd/bclib/string.d
ldc2 -betterC --defaultlib=no -mtriple=arm-none-eabi -mcpu=arm7tdmi -mattr=+strict-align,+loop-align -Isource --d-version=DevkitARM --d-version=CRuntime_Newlib_GBA --d-version=_GBA -function-sections -Ilibd -O2 -frame-pointer=none -ffast-math -c -of=libd/bclib/util.o libd/bclib/util.d
ldc2 -betterC --defaultlib=no -mtriple=arm-none-eabi -mcpu=arm7tdmi -mattr=+strict-align,+loop-align -Isource --d-version=DevkitARM --d-version=CRuntime_Newlib_GBA --d-version=_GBA -function-sections -Ilibd -O2 -frame-pointer=none -ffast-math -c -of=libd/bclib/error.o libd/bclib/error.d
ldc2 -betterC --defaultlib=no -mtriple=arm-none-eabi -mcpu=arm7tdmi -mattr=+strict-align,+loop-align -Isource --d-version=DevkitARM --d-version=CRuntime_Newlib_GBA --d-version=_GBA -function-sections -Ilibd -O2 -frame-pointer=none -ffast-math -c -of=libd/bclib/ctfe.o libd/bclib/ctfe.d
ldc2 -betterC --defaultlib=no -mtriple=arm-none-eabi -mcpu=arm7tdmi -mattr=+strict-align,+loop-align -Isource --d-version=DevkitARM --d-version=CRuntime_Newlib_GBA --d-version=_GBA -function-sections -Ilibd -O2 -frame-pointer=none -ffast-math -c -of=libd/bclib/match.o libd/bclib/match.d
ldc2 -betterC --defaultlib=no -mtriple=arm-none-eabi -mcpu=arm7tdmi -mattr=+strict-align,+loop-align -Isource --d-version=DevkitARM --d-version=CRuntime_Newlib_GBA --d-version=_GBA -function-sections -Ilibd -O2 -frame-pointer=none -ffast-math -c -of=libd/bclib/container/dict.o libd/bclib/container/dict.d
ldc2 -betterC --defaultlib=no -mtriple=arm-none-eabi -mcpu=arm7tdmi -mattr=+strict-align,+loop-align -Isource --d-version=DevkitARM --d-version=CRuntime_Newlib_GBA --d-version=_GBA -function-sections -Ilibd -O2 -frame-pointer=none -ffast-math -c -of=libd/bclib/container/package.o libd/bclib/container/package.d
ldc2 -betterC --defaultlib=no -mtriple=arm-none-eabi -mcpu=arm7tdmi -mattr=+strict-align,+loop-align -Isource --d-version=DevkitARM --d-version=CRuntime_Newlib_GBA --d-version=_GBA -function-sections -Ilibd -O2 -frame-pointer=none -ffast-math -c -of=libd/bclib/container/array.o libd/bclib/container/array.d
ldc2 -betterC --defaultlib=no -mtriple=arm-none-eabi -mcpu=arm7tdmi -mattr=+strict-align,+loop-align -Isource --d-version=DevkitARM --d-version=CRuntime_Newlib_GBA --d-version=_GBA -function-sections -Ilibd -O2 -frame-pointer=none -ffast-math -c -of=libd/bclib/container/bag.o libd/bclib/container/bag.d
ldc2 -betterC --defaultlib=no -mtriple=arm-none-eabi -mcpu=arm7tdmi -mattr=+strict-align,+loop-align -Isource --d-version=DevkitARM --d-version=CRuntime_Newlib_GBA --d-version=_GBA -function-sections -Ilibd -O2 -frame-pointer=none -ffast-math -c -of=libd/core/volatile.o libd/core/volatile.d
ldc2 -betterC --defaultlib=no -mtriple=arm-none-eabi -mcpu=arm7tdmi -mattr=+strict-align,+loop-align -Isource --d-version=DevkitARM --d-version=CRuntime_Newlib_GBA --d-version=_GBA -function-sections -Ilibd -O2 -frame-pointer=none -ffast-math -c -of=libd/core/stdc/stdlib.o libd/core/stdc/stdlib.d
ldc2 -betterC --defaultlib=no -mtriple=arm-none-eabi -mcpu=arm7tdmi -mattr=+strict-align,+loop-align -Isource --d-version=DevkitARM --d-version=CRuntime_Newlib_GBA --d-version=_GBA -function-sections -Ilibd -O2 -frame-pointer=none -ffast-math -c -of=libd/core/stdc/stdint.o libd/core/stdc/stdint.d
ldc2 -betterC --defaultlib=no -mtriple=arm-none-eabi -mcpu=arm7tdmi -mattr=+strict-align,+loop-align -Isource --d-version=DevkitARM --d-version=CRuntime_Newlib_GBA --d-version=_GBA -function-sections -Ilibd -O2 -frame-pointer=none -ffast-math -c -of=libd/core/stdc/wchar_.o libd/core/stdc/wchar_.d
ldc2 -betterC --defaultlib=no -mtriple=arm-none-eabi -mcpu=arm7tdmi -mattr=+strict-align,+loop-align -Isource --d-version=DevkitARM --d-version=CRuntime_Newlib_GBA --d-version=_GBA -function-sections -Ilibd -O2 -frame-pointer=none -ffast-math -c -of=libd/core/stdc/stdio.o libd/core/stdc/stdio.d
ldc2 -betterC --defaultlib=no -mtriple=arm-none-eabi -mcpu=arm7tdmi -mattr=+strict-align,+loop-align -Isource --d-version=DevkitARM --d-version=CRuntime_Newlib_GBA --d-version=_GBA -function-sections -Ilibd -O2 -frame-pointer=none -ffast-math -c -of=libd/core/stdc/time.o libd/core/stdc/time.d
ldc2 -betterC --defaultlib=no -mtriple=arm-none-eabi -mcpu=arm7tdmi -mattr=+strict-align,+loop-align -Isource --d-version=DevkitARM --d-version=CRuntime_Newlib_GBA --d-version=_GBA -function-sections -Ilibd -O2 -frame-pointer=none -ffast-math -c -of=libd/core/stdc/config.o libd/core/stdc/config.d
ldc2 -betterC --defaultlib=no -mtriple=arm-none-eabi -mcpu=arm7tdmi -mattr=+strict-align,+loop-align -Isource --d-version=DevkitARM --d-version=CRuntime_Newlib_GBA --d-version=_GBA -function-sections -Ilibd -O2 -frame-pointer=none -ffast-math -c -of=libd/core/stdc/stddef.o libd/core/stdc/stddef.d
ldc2 -betterC --defaultlib=no -mtriple=arm-none-eabi -mcpu=arm7tdmi -mattr=+strict-align,+loop-align -Isource --d-version=DevkitARM --d-version=CRuntime_Newlib_GBA --d-version=_GBA -function-sections -Ilibd -O2 -frame-pointer=none -ffast-math -c -of=libd/core/stdc/fenv.o libd/core/stdc/fenv.d
ldc2 -betterC --defaultlib=no -mtriple=arm-none-eabi -mcpu=arm7tdmi -mattr=+strict-align,+loop-align -Isource --d-version=DevkitARM --d-version=CRuntime_Newlib_GBA --d-version=_GBA -function-sections -Ilibd -O2 -frame-pointer=none -ffast-math -c -of=libd/rt/memory.o libd/rt/memory.d
ldc2 -betterC --defaultlib=no -mtriple=arm-none-eabi -mcpu=arm7tdmi -mattr=+strict-align,+loop-align -Isource --d-version=DevkitARM --d-version=CRuntime_Newlib_GBA --d-version=_GBA -function-sections -Ilibd -O2 -frame-pointer=none -ffast-math -c -of=libd/rt/mmio.o libd/rt/mmio.d
ldc2 -betterC --defaultlib=no -mtriple=arm-none-eabi -mcpu=arm7tdmi -mattr=+strict-align,+loop-align -Isource --d-version=DevkitARM --d-version=CRuntime_Newlib_GBA --d-version=_GBA -function-sections -Ilibd -O2 -frame-pointer=none -ffast-math -c -of=libd/tonc/tonc_core.o libd/tonc/tonc_core.d
ldc2 -betterC --defaultlib=no -mtriple=arm-none-eabi -mcpu=arm7tdmi -mattr=+strict-align,+loop-align -Isource --d-version=DevkitARM --d-version=CRuntime_Newlib_GBA --d-version=_GBA -function-sections -Ilibd -O2 -frame-pointer=none -ffast-math -c -of=libd/tonc/tonc_surface.o libd/tonc/tonc_surface.d
ldc2 -betterC --defaultlib=no -mtriple=arm-none-eabi -mcpu=arm7tdmi -mattr=+strict-align,+loop-align -Isource --d-version=DevkitARM --d-version=CRuntime_Newlib_GBA --d-version=_GBA -function-sections -Ilibd -O2 -frame-pointer=none -ffast-math -c -of=libd/tonc/package.o libd/tonc/package.d
ldc2 -betterC --defaultlib=no -mtriple=arm-none-eabi -mcpu=arm7tdmi -mattr=+strict-align,+loop-align -Isource --d-version=DevkitARM --d-version=CRuntime_Newlib_GBA --d-version=_GBA -function-sections -Ilibd -O2 -frame-pointer=none -ffast-math -c -of=libd/tonc/tonc_irq.o libd/tonc/tonc_irq.d
ldc2 -betterC --defaultlib=no -mtriple=arm-none-eabi -mcpu=arm7tdmi -mattr=+strict-align,+loop-align -Isource --d-version=DevkitARM --d-version=CRuntime_Newlib_GBA --d-version=_GBA -function-sections -Ilibd -O2 -frame-pointer=none -ffast-math -c -of=libd/tonc/tonc_text.o libd/tonc/tonc_text.d
ldc2 -betterC --defaultlib=no -mtriple=arm-none-eabi -mcpu=arm7tdmi -mattr=+strict-align,+loop-align -Isource --d-version=DevkitARM --d-version=CRuntime_Newlib_GBA --d-version=_GBA -function-sections -Ilibd -O2 -frame-pointer=none -ffast-math -c -of=libd/tonc/tonc_bios.o libd/tonc/tonc_bios.d
ldc2 -betterC --defaultlib=no -mtriple=arm-none-eabi -mcpu=arm7tdmi -mattr=+strict-align,+loop-align -Isource --d-version=DevkitARM --d-version=CRuntime_Newlib_GBA --d-version=_GBA -function-sections -Ilibd -O2 -frame-pointer=none -ffast-math -c -of=libd/tonc/tonc_math.o libd/tonc/tonc_math.d
ldc2 -betterC --defaultlib=no -mtriple=arm-none-eabi -mcpu=arm7tdmi -mattr=+strict-align,+loop-align -Isource --d-version=DevkitARM --d-version=CRuntime_Newlib_GBA --d-version=_GBA -function-sections -Ilibd -O2 -frame-pointer=none -ffast-math -c -of=libd/tonc/tonc_oam.o libd/tonc/tonc_oam.d
ldc2 -betterC --defaultlib=no -mtriple=arm-none-eabi -mcpu=arm7tdmi -mattr=+strict-align,+loop-align -Isource --d-version=DevkitARM --d-version=CRuntime_Newlib_GBA --d-version=_GBA -function-sections -Ilibd -O2 -frame-pointer=none -ffast-math -c -of=libd/tonc/tonc_input.o libd/tonc/tonc_input.d
ldc2 -betterC --defaultlib=no -mtriple=arm-none-eabi -mcpu=arm7tdmi -mattr=+strict-align,+loop-align -Isource --d-version=DevkitARM --d-version=CRuntime_Newlib_GBA --d-version=_GBA -function-sections -Ilibd -O2 -frame-pointer=none -ffast-math -c -of=libd/tonc/tonc_types.o libd/tonc/tonc_types.d
ldc2 -betterC --defaultlib=no -mtriple=arm-none-eabi -mcpu=arm7tdmi -mattr=+strict-align,+loop-align -Isource --d-version=DevkitARM --d-version=CRuntime_Newlib_GBA --d-version=_GBA -function-sections -Ilibd -O2 -frame-pointer=none -ffast-math -c -of=libd/tonc/tonc_memmap.o libd/tonc/tonc_memmap.d
ldc2 -betterC --defaultlib=no -mtriple=arm-none-eabi -mcpu=arm7tdmi -mattr=+strict-align,+loop-align -Isource --d-version=DevkitARM --d-version=CRuntime_Newlib_GBA --d-version=_GBA -function-sections -Ilibd -O2 -frame-pointer=none -ffast-math -c -of=libd/tonc/tonc_tte.o libd/tonc/tonc_tte.d
ldc2 -betterC --defaultlib=no -mtriple=arm-none-eabi -mcpu=arm7tdmi -mattr=+strict-align,+loop-align -Isource --d-version=DevkitARM --d-version=CRuntime_Newlib_GBA --d-version=_GBA -function-sections -Ilibd -O2 -frame-pointer=none -ffast-math -c -of=libd/tonc/tonc_memdef.o libd/tonc/tonc_memdef.d
ldc2 -betterC --defaultlib=no -mtriple=arm-none-eabi -mcpu=arm7tdmi -mattr=+strict-align,+loop-align -Isource --d-version=DevkitARM --d-version=CRuntime_Newlib_GBA --d-version=_GBA -function-sections -Ilibd -O2 -frame-pointer=none -ffast-math -c -of=libd/tonc/tonc_nocash.o libd/tonc/tonc_nocash.d
ldc2 -betterC --defaultlib=no -mtriple=arm-none-eabi -mcpu=arm7tdmi -mattr=+strict-align,+loop-align -Isource --d-version=DevkitARM --d-version=CRuntime_Newlib_GBA --d-version=_GBA -function-sections -Ilibd -O2 -frame-pointer=none -ffast-math -c -of=libd/tonc/tonc_video.o libd/tonc/tonc_video.d
ldc2 -betterC --defaultlib=no -mtriple=arm-none-eabi -mcpu=arm7tdmi -mattr=+strict-align,+loop-align -Isource --d-version=DevkitARM --d-version=CRuntime_Newlib_GBA --d-version=_GBA -function-sections -Ilibd -O2 -frame-pointer=none -ffast-math -c -of=libd/object.o libd/object.d
ldc2 -betterC --defaultlib=no -mtriple=arm-none-eabi -mcpu=arm7tdmi -mattr=+strict-align,+loop-align -Isource --d-version=DevkitARM --d-version=CRuntime_Newlib_GBA --d-version=_GBA -function-sections -Ilibd -O2 -frame-pointer=none -ffast-math -c -of=libd/libgba/maxmod.o libd/libgba/maxmod.d
ldc2 -betterC --defaultlib=no -mtriple=arm-none-eabi -mcpu=arm7tdmi -mattr=+strict-align,+loop-align -Isource --d-version=DevkitARM --d-version=CRuntime_Newlib_GBA --d-version=_GBA -function-sections -Ilibd -O2 -frame-pointer=none -ffast-math -c -of=libd/libgba/mm_types.o libd/libgba/mm_types.d
ldc2 -betterC --defaultlib=no -mtriple=arm-none-eabi -mcpu=arm7tdmi -mattr=+strict-align,+loop-align -Isource --d-version=DevkitARM --d-version=CRuntime_Newlib_GBA --d-version=_GBA -function-sections -Ilibd -O2 -frame-pointer=none -ffast-math -c -of=libd/std/system.o libd/std/system.d
ldc2 -betterC --defaultlib=no -mtriple=arm-none-eabi -mcpu=arm7tdmi -mattr=+strict-align,+loop-align -Isource --d-version=DevkitARM --d-version=CRuntime_Newlib_GBA --d-version=_GBA -function-sections -Ilibd -O2 -frame-pointer=none -ffast-math -c -of=source/app.o source/app.d
arm-none-eabi-gcc libd/libtind/ds/vector.o libd/libtind/ds/dict.o libd/libtind/ds/heap.o libd/libtind/ds/set.o libd/libtind/ds/deque.o libd/libtind/functional.o libd/libtind/mmio.o libd/libtind/util.o libd/libtind/nullable.o libd/bcmath/transform.o libd/bcmath/box.o libd/bcmath/vector.o libd/bcmath/package.o libd/bcmath/valuerange.o libd/bcmath/hexagrid2d.o libd/bcmath/cmath.o libd/bcmath/easings.o libd/bcmath/matrix.o libd/bcmath/misc.o libd/bclib/adt.o libd/bclib/memory/box.o libd/bclib/memory/package.o libd/bclib/memory/allocator/default_allocator.o libd/bclib/memory/allocator/counter_allocator.o libd/bclib/memory/util.o libd/bclib/traits/package.o libd/bclib/traits/traits.o libd/bclib/format.o libd/bclib/allocator/package.o libd/bclib/allocator/allocator_interface.o libd/bclib/bitop.o libd/bclib/io/package.o libd/bclib/io/print.o libd/bclib/io/stdout.o libd/bclib/string.o libd/bclib/util.o libd/bclib/error.o libd/bclib/ctfe.o libd/bclib/match.o libd/bclib/container/dict.o libd/bclib/container/package.o libd/bclib/container/array.o libd/bclib/container/bag.o libd/core/volatile.o libd/core/stdc/stdlib.o libd/core/stdc/stdint.o libd/core/stdc/wchar_.o libd/core/stdc/stdio.o libd/core/stdc/time.o libd/core/stdc/config.o libd/core/stdc/stddef.o libd/core/stdc/fenv.o libd/rt/memory.o libd/rt/mmio.o libd/tonc/tonc_core.o libd/tonc/tonc_surface.o libd/tonc/package.o libd/tonc/tonc_irq.o libd/tonc/tonc_text.o libd/tonc/tonc_bios.o libd/tonc/tonc_math.o libd/tonc/tonc_oam.o libd/tonc/tonc_input.o libd/tonc/tonc_types.o libd/tonc/tonc_memmap.o libd/tonc/tonc_tte.o libd/tonc/tonc_memdef.o libd/tonc/tonc_nocash.o libd/tonc/tonc_video.o libd/object.o libd/libgba/maxmod.o libd/libgba/mm_types.o libd/std/system.o source/app.o -mthumb-interwork -mthumb -specs=gba.specs -L/opt/devkitpro/libtonc/lib -ltonc -L/opt/devkitpro/libgba/lib -lmm -Wl,-Map,LineJumper.map -o LineJumper.elf
arm-none-eabi-objcopy -v -O binary LineJumper.elf LineJumper-code.gba
gbafix LineJumper-code.gba -tLineJumper
padbin 256 LineJumper-code.gba
cat LineJumper-code.gba > LineJumper.gba
make: Leaving directory '/home/code/work/LineJumper'
 
