make all --print-data-base --no-builtin-variables --no-builtin-rules --question
make: *** No rule to make target 'all'.  Stop.

# GNU Make 4.3
# Built for x86_64-pc-linux-gnu
# Copyright (C) 1988-2020 Free Software Foundation, Inc.
# License GPLv3+: GNU GPL version 3 or later <http://gnu.org/licenses/gpl.html>
# This is free software: you are free to change and redistribute it.
# There is NO WARRANTY, to the extent permitted by law.

# Make data base, printed on Sat Jun  4 14:03:09 2022

# Variables

# environment
GDK_BACKEND = x11
# environment
LC_ALL = C
# environment
NO_AT_BRIDGE = 1
# environment
VSCODE_IPC_HOOK_EXTHOST = /run/user/1000/vscode-ipc-e5f4f893-3e76-4cc8-8783-376cb845cbdb.sock
# environment
LC_NAME = sr_RS@latin
# makefile (from 'Makefile', line 59)
APP_SOURCES_S := 
# environment
LC_NUMERIC = sr_RS@latin
# makefile (from 'Makefile', line 21)
LDC := ldc2
# environment
VSCODE_CWD = /home/code/work/LineJumper
# makefile (from 'Makefile', line 26)
INCFLAGS := --I/opt/devkitpro/libtonc/include -I/opt/devkitpro/libgba/include -Isource -Iassets/build 
# environment
LC_ADDRESS = sr_RS@latin
# environment
GDM_LANG = en_US.utf8
# default
MAKE_COMMAND := make
# automatic
@D = $(patsubst %/,%,$(dir $@))
# environment
VSCODE_HANDLES_UNCAUGHT_ERRORS = true
# default
.VARIABLES := 
# environment
PWD = /home/code/work/LineJumper
# automatic
%D = $(patsubst %/,%,$(dir $%))
# environment
MAIL = /var/spool/mail/code
# environment
XDG_DATA_DIRS = /home/code/.local/share/flatpak/exports/share:/var/lib/flatpak/exports/share:/usr/local/share:/usr/share:/var/lib/snapd/desktop
# automatic
^D = $(patsubst %/,%,$(dir $^))
# environment
VSCODE_LOG_STACK = false
# automatic
%F = $(notdir $%)
# makefile (from 'Makefile', line 63)
APP_OBJECTS_D := libd/libtind/ds/vector.o libd/libtind/ds/dict.o libd/libtind/ds/heap.o libd/libtind/ds/set.o libd/libtind/ds/deque.o libd/libtind/functional.o libd/libtind/mmio.o libd/libtind/util.o libd/libtind/nullable.o libd/bcmath/transform.o libd/bcmath/box.o libd/bcmath/vector.o libd/bcmath/package.o libd/bcmath/valuerange.o libd/bcmath/hexagrid2d.o libd/bcmath/cmath.o libd/bcmath/easings.o libd/bcmath/matrix.o libd/bcmath/misc.o libd/bclib/adt.o libd/bclib/memory/box.o libd/bclib/memory/package.o libd/bclib/memory/allocator/default_allocator.o libd/bclib/memory/allocator/counter_allocator.o libd/bclib/memory/util.o libd/bclib/traits/package.o libd/bclib/traits/traits.o libd/bclib/format.o libd/bclib/allocator/package.o libd/bclib/allocator/allocator_interface.o libd/bclib/bitop.o libd/bclib/io/package.o libd/bclib/io/print.o libd/bclib/io/stdout.o libd/bclib/string.o libd/bclib/util.o libd/bclib/error.o libd/bclib/ctfe.o libd/bclib/match.o libd/bclib/container/dict.o libd/bclib/container/package.o libd/bclib/container/array.o libd/bclib/container/bag.o libd/core/stdc/stdlib.o libd/core/stdc/stdint.o libd/core/stdc/wchar_.o libd/core/stdc/stdio.o libd/core/stdc/time.o libd/core/stdc/config.o libd/core/stdc/stddef.o libd/core/stdc/fenv.o libd/rt/memory.o libd/rt/mmio.o libd/tonc/tonc_core.o libd/tonc/tonc_surface.o libd/tonc/package.o libd/tonc/tonc_irq.o libd/tonc/tonc_text.o libd/tonc/tonc_bios.o libd/tonc/tonc_math.o libd/tonc/tonc_oam.o libd/tonc/tonc_input.o libd/tonc/tonc_types.o libd/tonc/tonc_memmap.o libd/tonc/tonc_tte.o libd/tonc/tonc_memdef.o libd/tonc/tonc_nocash.o libd/tonc/tonc_video.o libd/object.o libd/libgba/maxmod.o libd/libgba/mm_types.o libd/std/system.o source/tiles.o source/types.o source/app.o
# environment
VSCODE_CODE_CACHE_PATH = /home/code/.config/Code/CachedData/c3511e6c69bb39013c4a4b7b9566ec1ca73fc4d5
# environment
XDG_SESSION_PATH = /org/freedesktop/DisplayManager/Session0
# makefile (from 'Makefile', line 12)
DATA_DIR := assets/build 
# environment
LANG = C
# environment
XAUTHORITY = /home/code/.Xauthority
# default
.LOADED := 
# default
.INCLUDE_DIRS = /usr/include /usr/local/include /usr/include
# environment
GNOME_TERMINAL_SERVICE = :1.37
# makefile
MAKEFLAGS = pqrR
# makefile (from 'Makefile', line 2)
DEVKITARM := /opt/devkitpro/devkitARM
# makefile
CURDIR := /home/code/work/LineJumper
# environment
VSCODE_PIPE_LOGGING = true
# makefile (from 'Makefile', line 60)
APP_OBJECTS_C := 
# environment
APPLICATION_INSIGHTS_NO_DIAGNOSTIC_CHANNEL = 1
# automatic
*D = $(patsubst %/,%,$(dir $*))
# makefile (from 'Makefile', line 56)
APP_MAIN_SOURCE := 
# environment
MFLAGS = -pqrR
# environment
SSH_AUTH_SOCK = /run/user/1000/ssh-agent.socket
# default
.SHELLFLAGS := -c
# automatic
+D = $(patsubst %/,%,$(dir $+))
# environment
XDG_SESSION_DESKTOP = berry
# makefile (from 'Makefile', line 1)
MAKEFILE_LIST := Makefile
# automatic
@F = $(notdir $@)
# environment
VSCODE_VERBOSE_LOGGING = true
# environment
VSCODE_PID = 8445
# environment
XDG_SESSION_TYPE = x11
# automatic
?D = $(patsubst %/,%,$(dir $?))
# environment
DEVKITPPC = /opt/devkitpro/devkitPPC
# makefile (from 'Makefile', line 17)
CROSS = arm-none-eabi-
# makefile (from 'Makefile', line 6)
TITLE := LineJumper
# automatic
*F = $(notdir $*)
# environment
QT_QPA_PLATFORMTHEME = qt5ct
# environment
CHROME_DESKTOP = code-url-handler.desktop
# environment
DBUS_SESSION_BUS_ADDRESS = unix:path=/run/user/1000/bus
# automatic
<D = $(patsubst %/,%,$(dir $<))
# environment
VSCODE_NLS_CONFIG = {"locale":"en-us","availableLanguages":{},"_languagePackSupport":true}
# default
MAKE_HOST := x86_64-pc-linux-gnu
# makefile
SHELL = /bin/sh
# default
MAKECMDGOALS := all
# environment
SHLVL = 2
# makefile (from 'Makefile', line 62)
APP_SOURCES_D := libd/libtind/ds/vector.d libd/libtind/ds/dict.d libd/libtind/ds/heap.d libd/libtind/ds/set.d libd/libtind/ds/deque.d libd/libtind/functional.d libd/libtind/mmio.d libd/libtind/util.d libd/libtind/nullable.d libd/bcmath/transform.d libd/bcmath/box.d libd/bcmath/vector.d libd/bcmath/package.d libd/bcmath/valuerange.d libd/bcmath/hexagrid2d.d libd/bcmath/cmath.d libd/bcmath/easings.d libd/bcmath/matrix.d libd/bcmath/misc.d libd/bclib/adt.d libd/bclib/memory/box.d libd/bclib/memory/package.d libd/bclib/memory/allocator/default_allocator.d libd/bclib/memory/allocator/counter_allocator.d libd/bclib/memory/util.d libd/bclib/traits/package.d libd/bclib/traits/traits.d libd/bclib/format.d libd/bclib/allocator/package.d libd/bclib/allocator/allocator_interface.d libd/bclib/bitop.d libd/bclib/io/package.d libd/bclib/io/print.d libd/bclib/io/stdout.d libd/bclib/string.d libd/bclib/util.d libd/bclib/error.d libd/bclib/ctfe.d libd/bclib/match.d libd/bclib/container/dict.d libd/bclib/container/package.d libd/bclib/container/array.d libd/bclib/container/bag.d libd/core/stdc/stdlib.d libd/core/stdc/stdint.d libd/core/stdc/wchar_.d libd/core/stdc/stdio.d libd/core/stdc/time.d libd/core/stdc/config.d libd/core/stdc/stddef.d libd/core/stdc/fenv.d libd/rt/memory.d libd/rt/mmio.d libd/tonc/tonc_core.d libd/tonc/tonc_surface.d libd/tonc/package.d libd/tonc/tonc_irq.d libd/tonc/tonc_text.d libd/tonc/tonc_bios.d libd/tonc/tonc_math.d libd/tonc/tonc_oam.d libd/tonc/tonc_input.d libd/tonc/tonc_types.d libd/tonc/tonc_memmap.d libd/tonc/tonc_tte.d libd/tonc/tonc_memdef.d libd/tonc/tonc_nocash.d libd/tonc/tonc_video.d libd/object.d libd/libgba/maxmod.d libd/libgba/mm_types.d libd/std/system.d source/tiles.d source/types.d source/app.d
# environment
GNOME_TERMINAL_SCREEN = /org/gnome/Terminal/screen/c1c63f80_7156_4c1d_878b_6c955aa972f7
# environment
MAKELEVEL := 0
# default
MAKE = $(MAKE_COMMAND)
# makefile (from 'Makefile', line 4)
PATH := /opt/devkitpro/devkitARM/bin:/home/code/git/tilemap-studio/bin:/opt/devkitpro/tools/bin:/opt/devkitpro/devkitARM/bin:/home/code/.local/bin:/usr/local/bin:/usr/bin:/bin:/usr/local/sbin:/usr/lib/jvm/default/bin:/usr/bin/site_perl:/usr/bin/vendor_perl:/usr/bin/core_perl:/var/lib/snapd/snap/bin
# makefile (from 'Makefile', line 40)
DSTDLIB := libd
# default
MAKEFILES := 
# environment
LC_MONETARY = sr_RS@latin
# environment
MOTD_SHOWN = pam
# automatic
^F = $(notdir $^)
# makefile (from 'Makefile', line 27)
LIBFLAGS := -L/opt/devkitpro/libtonc/lib -ltonc -L/opt/devkitpro/libgba/lib -lmm
# environment
LC_TIME = sr_RS@latin
# environment
VSCODE_LOG_NATIVE = false
# makefile (from 'Makefile', line 64)
APP_OBJECTS :=   libd/libtind/ds/vector.o libd/libtind/ds/dict.o libd/libtind/ds/heap.o libd/libtind/ds/set.o libd/libtind/ds/deque.o libd/libtind/functional.o libd/libtind/mmio.o libd/libtind/util.o libd/libtind/nullable.o libd/bcmath/transform.o libd/bcmath/box.o libd/bcmath/vector.o libd/bcmath/package.o libd/bcmath/valuerange.o libd/bcmath/hexagrid2d.o libd/bcmath/cmath.o libd/bcmath/easings.o libd/bcmath/matrix.o libd/bcmath/misc.o libd/bclib/adt.o libd/bclib/memory/box.o libd/bclib/memory/package.o libd/bclib/memory/allocator/default_allocator.o libd/bclib/memory/allocator/counter_allocator.o libd/bclib/memory/util.o libd/bclib/traits/package.o libd/bclib/traits/traits.o libd/bclib/format.o libd/bclib/allocator/package.o libd/bclib/allocator/allocator_interface.o libd/bclib/bitop.o libd/bclib/io/package.o libd/bclib/io/print.o libd/bclib/io/stdout.o libd/bclib/string.o libd/bclib/util.o libd/bclib/error.o libd/bclib/ctfe.o libd/bclib/match.o libd/bclib/container/dict.o libd/bclib/container/package.o libd/bclib/container/array.o libd/bclib/container/bag.o libd/core/stdc/stdlib.o libd/core/stdc/stdint.o libd/core/stdc/wchar_.o libd/core/stdc/stdio.o libd/core/stdc/time.o libd/core/stdc/config.o libd/core/stdc/stddef.o libd/core/stdc/fenv.o libd/rt/memory.o libd/rt/mmio.o libd/tonc/tonc_core.o libd/tonc/tonc_surface.o libd/tonc/package.o libd/tonc/tonc_irq.o libd/tonc/tonc_text.o libd/tonc/tonc_bios.o libd/tonc/tonc_math.o libd/tonc/tonc_oam.o libd/tonc/tonc_input.o libd/tonc/tonc_types.o libd/tonc/tonc_memmap.o libd/tonc/tonc_tte.o libd/tonc/tonc_memdef.o libd/tonc/tonc_nocash.o libd/tonc/tonc_video.o libd/object.o libd/libgba/maxmod.o libd/libgba/mm_types.o libd/std/system.o source/tiles.o source/types.o source/app.o
# environment
LC_TELEPHONE = sr_RS@latin
# automatic
?F = $(notdir $?)
# makefile (from 'Makefile', line 13)
SPECS := -specs=gba.specs
# makefile (from 'Makefile', line 10)
NAME := LineJumper
# makefile (from 'Makefile', line 1)
DEVKITPRO := /opt/devkitpro
# environment
XDG_SEAT = seat0
# automatic
+F = $(notdir $+)
# environment
XDG_SEAT_PATH = /org/freedesktop/DisplayManager/Seat0
# environment
DESKTOP_SESSION = berry
# environment
ORIGINAL_XDG_CURRENT_DESKTOP = undefined
# 'override' directive
GNUMAKEFLAGS := 
# environment
LOGNAME = code
# makefile (from 'Makefile', line 11)
SOURCE_DIR := source
# environment
XDG_VTNR = 7
# makefile
.DEFAULT_GOAL := build
# makefile (from 'Makefile', line 23)
ARCH := -mthumb-interwork -mthumb
# makefile (from 'Makefile', line 61)
APP_OBJECTS_S := 
# environment
EDITOR = /usr/bin/nano
# environment
DISPLAY = :0
# environment
USER = code
# default
MAKE_VERSION := 4.3
# 'override' directive
.SHELLSTATUS := 0
# makefile (from 'Makefile', line 31)
LDFLAGS := -mthumb-interwork -mthumb -specs=gba.specs -L/opt/devkitpro/libtonc/lib -ltonc -L/opt/devkitpro/libgba/lib -lmm -Wl,-Map,LineJumper.map
# environment
LC_MEASUREMENT = sr_RS@latin
# environment
DEBUGINFOD_URLS = https://debuginfod.archlinux.org 
# environment
_ = /usr/bin/make
# environment
LC_PAPER = sr_RS@latin
# environment
XDG_RUNTIME_DIR = /run/user/1000
# makefile (from 'Makefile', line 48)
CFLAGS := -mthumb-interwork -mthumb -Wall -Werror -Wno-error=unused-variable -fno-strict-aliasing -mcpu=arm7tdmi -mtune=arm7tdmi --I/opt/devkitpro/libtonc/include -I/opt/devkitpro/libgba/include -Isource -Iassets/build  -L/opt/devkitpro/libtonc/lib -ltonc -L/opt/devkitpro/libgba/lib -lmm -O2 -fomit-frame-pointer -ffast-math
# environment
COLORTERM = truecolor
# makefile (from 'Makefile', line 49)
DFLAGS := -betterC --defaultlib=no -mtriple=arm-none-eabi -mcpu=arm7tdmi -mattr=+strict-align,+loop-align -Isource --d-version=DevkitARM --d-version=CRuntime_Newlib_GBA --d-version=_GBA -function-sections -Ilibd -O2 -frame-pointer=none -ffast-math
# environment
XDG_SESSION_CLASS = user
# environment
VSCODE_AMD_ENTRYPOINT = vs/workbench/api/node/extensionHostProcess
# environment
GTK2_RC_FILES = /home/code/.gtkrc-2.0
# environment
HOME = /home/code
# makefile (from 'Makefile', line 57)
APP_MAIN_OBJECT := 
# environment
ELECTRON_RUN_AS_NODE = 1
# environment
VSCODE_IPC_HOOK = /run/user/1000/vscode-442de9bc-1.67.2-main.sock
# environment
TERM = xterm-256color
# environment
XDG_SESSION_ID = 1
# default
.RECIPEPREFIX := 
# automatic
<F = $(notdir $<)
# default
SUFFIXES := 
# makefile (from 'Makefile', line 19)
LD := arm-none-eabi-gcc
# environment
QT_AUTO_SCREEN_SCALE_FACTOR = 0
# environment
VSCODE_CLI = 1
# environment
ELECTRON_NO_ATTACH_CONSOLE = 1
# makefile (from 'Makefile', line 58)
APP_SOURCES_C := 
# environment
VTE_VERSION = 6800
# environment
XDG_GREETER_DATA_DIR = /var/lib/lightdm-data/code
# default
.FEATURES := target-specific order-only second-expansion else-if shortest-stem undefine oneshell nocomment grouped-target extra-prereqs archives jobserver output-sync check-symlink guile load
# makefile (from 'Makefile', line 18)
CC := arm-none-eabi-gcc
# makefile (from 'Makefile', line 20)
OBJCOPY := arm-none-eabi-objcopy
# environment
GDMSESSION = berry
# environment
LC_IDENTIFICATION = sr_RS@latin
# variable set hash-table stats:
# Load=133/1024=13%, Rehash=0, Collisions=17/236=7%

# Pattern-specific Variable Values

# No pattern-specific variable values.

# Directories

# . (device 66309, inode 2622686): 17 files, no impossibilities.

# 17 files, no impossibilities in 1 directories.

# Implicit Rules

# No implicit rules.

# Files

# Not a target:
libd/object.d:
#  Implicit rule search has not been done.
#  Modification time never checked.
#  File has not been updated.

# Not a target:
libd/bcmath/vector.d:
#  Implicit rule search has not been done.
#  Modification time never checked.
#  File has not been updated.

# Not a target:
libd/bcmath/cmath.d:
#  Implicit rule search has not been done.
#  Modification time never checked.
#  File has not been updated.

# Not a target:
libd/bclib/ctfe.d:
#  Implicit rule search has not been done.
#  Modification time never checked.
#  File has not been updated.

libd/libtind/ds/vector.o: libd/libtind/ds/vector.d
#  Implicit rule search has not been done.
#  Implicit/static pattern stem: 'libd/libtind/ds/vector'
#  Modification time never checked.
#  File has not been updated.
#  recipe to execute (from 'Makefile', line 94):
	$(LDC) $(DFLAGS) -c -of=$@ $<

# Not a target:
libd/bclib/bitop.d:
#  Implicit rule search has not been done.
#  Modification time never checked.
#  File has not been updated.

# Not a target:
libd/bclib/memory/util.d:
#  Implicit rule search has not been done.
#  Modification time never checked.
#  File has not been updated.

# Not a target:
libd/bclib/container/array.d:
#  Implicit rule search has not been done.
#  Modification time never checked.
#  File has not been updated.

# Not a target:
libd/tonc/package.d:
#  Implicit rule search has not been done.
#  Modification time never checked.
#  File has not been updated.

# Not a target:
source/app.d:
#  Implicit rule search has not been done.
#  Modification time never checked.
#  File has not been updated.

libd/bclib/match.o: libd/bclib/match.d
#  Implicit rule search has not been done.
#  Implicit/static pattern stem: 'libd/bclib/match'
#  Modification time never checked.
#  File has not been updated.
#  recipe to execute (from 'Makefile', line 94):
	$(LDC) $(DFLAGS) -c -of=$@ $<

libd/bcmath/matrix.o: libd/bcmath/matrix.d
#  Implicit rule search has not been done.
#  Implicit/static pattern stem: 'libd/bcmath/matrix'
#  Modification time never checked.
#  File has not been updated.
#  recipe to execute (from 'Makefile', line 94):
	$(LDC) $(DFLAGS) -c -of=$@ $<

libd/core/stdc/stdlib.o: libd/core/stdc/stdlib.d
#  Implicit rule search has not been done.
#  Implicit/static pattern stem: 'libd/core/stdc/stdlib'
#  Modification time never checked.
#  File has not been updated.
#  recipe to execute (from 'Makefile', line 94):
	$(LDC) $(DFLAGS) -c -of=$@ $<

# Not a target:
libd/bcmath/valuerange.d:
#  Implicit rule search has not been done.
#  Modification time never checked.
#  File has not been updated.

# Not a target:
libd/bclib/container/dict.d:
#  Implicit rule search has not been done.
#  Modification time never checked.
#  File has not been updated.

# Not a target:
libd/tonc/tonc_irq.d:
#  Implicit rule search has not been done.
#  Modification time never checked.
#  File has not been updated.

libd/tonc/tonc_video.o: libd/tonc/tonc_video.d
#  Implicit rule search has not been done.
#  Implicit/static pattern stem: 'libd/tonc/tonc_video'
#  Modification time never checked.
#  File has not been updated.
#  recipe to execute (from 'Makefile', line 94):
	$(LDC) $(DFLAGS) -c -of=$@ $<

libd/bcmath/hexagrid2d.o: libd/bcmath/hexagrid2d.d
#  Implicit rule search has not been done.
#  Implicit/static pattern stem: 'libd/bcmath/hexagrid2d'
#  Modification time never checked.
#  File has not been updated.
#  recipe to execute (from 'Makefile', line 94):
	$(LDC) $(DFLAGS) -c -of=$@ $<

# Not a target:
libd/tonc/tonc_oam.d:
#  Implicit rule search has not been done.
#  Modification time never checked.
#  File has not been updated.

# Not a target:
libd/rt/memory.d:
#  Implicit rule search has not been done.
#  Modification time never checked.
#  File has not been updated.

# Not a target:
libd/bcmath/transform.d:
#  Implicit rule search has not been done.
#  Modification time never checked.
#  File has not been updated.

libd/tonc/tonc_nocash.o: libd/tonc/tonc_nocash.d
#  Implicit rule search has not been done.
#  Implicit/static pattern stem: 'libd/tonc/tonc_nocash'
#  Modification time never checked.
#  File has not been updated.
#  recipe to execute (from 'Makefile', line 94):
	$(LDC) $(DFLAGS) -c -of=$@ $<

# Not a target:
libd/tonc/tonc_input.d:
#  Implicit rule search has not been done.
#  Modification time never checked.
#  File has not been updated.

# Not a target:
libd/bclib/util.d:
#  Implicit rule search has not been done.
#  Modification time never checked.
#  File has not been updated.

# Not a target:
libd/bclib/match.d:
#  Implicit rule search has not been done.
#  Modification time never checked.
#  File has not been updated.

libd/libgba/mm_types.o: libd/libgba/mm_types.d
#  Implicit rule search has not been done.
#  Implicit/static pattern stem: 'libd/libgba/mm_types'
#  Modification time never checked.
#  File has not been updated.
#  recipe to execute (from 'Makefile', line 94):
	$(LDC) $(DFLAGS) -c -of=$@ $<

libd/bclib/traits/traits.o: libd/bclib/traits/traits.d
#  Implicit rule search has not been done.
#  Implicit/static pattern stem: 'libd/bclib/traits/traits'
#  Modification time never checked.
#  File has not been updated.
#  recipe to execute (from 'Makefile', line 94):
	$(LDC) $(DFLAGS) -c -of=$@ $<

libd/bclib/container/bag.o: libd/bclib/container/bag.d
#  Implicit rule search has not been done.
#  Implicit/static pattern stem: 'libd/bclib/container/bag'
#  Modification time never checked.
#  File has not been updated.
#  recipe to execute (from 'Makefile', line 94):
	$(LDC) $(DFLAGS) -c -of=$@ $<

# Not a target:
libd/rt/mmio.d:
#  Implicit rule search has not been done.
#  Modification time never checked.
#  File has not been updated.

libd/bclib/allocator/package.o: libd/bclib/allocator/package.d
#  Implicit rule search has not been done.
#  Implicit/static pattern stem: 'libd/bclib/allocator/package'
#  Modification time never checked.
#  File has not been updated.
#  recipe to execute (from 'Makefile', line 94):
	$(LDC) $(DFLAGS) -c -of=$@ $<

libd/bclib/container/array.o: libd/bclib/container/array.d
#  Implicit rule search has not been done.
#  Implicit/static pattern stem: 'libd/bclib/container/array'
#  Modification time never checked.
#  File has not been updated.
#  recipe to execute (from 'Makefile', line 94):
	$(LDC) $(DFLAGS) -c -of=$@ $<

LineJumper-code.gba: LineJumper.elf
#  Implicit rule search has not been done.
#  Modification time never checked.
#  File has not been updated.
#  recipe to execute (from 'Makefile', line 80):
	$(OBJCOPY) -v -O binary $< $@
	-@gbafix $@ -t$(NAME)
	padbin 256 $@

# Not a target:
libd/libtind/ds/deque.d:
#  Implicit rule search has not been done.
#  Modification time never checked.
#  File has not been updated.

libd/bclib/memory/allocator/default_allocator.o: libd/bclib/memory/allocator/default_allocator.d
#  Implicit rule search has not been done.
#  Implicit/static pattern stem: 'libd/bclib/memory/allocator/default_allocator'
#  Modification time never checked.
#  File has not been updated.
#  recipe to execute (from 'Makefile', line 94):
	$(LDC) $(DFLAGS) -c -of=$@ $<

# Not a target:
libd/bclib/memory/allocator/counter_allocator.d:
#  Implicit rule search has not been done.
#  Modification time never checked.
#  File has not been updated.

libd/tonc/tonc_core.o: libd/tonc/tonc_core.d
#  Implicit rule search has not been done.
#  Implicit/static pattern stem: 'libd/tonc/tonc_core'
#  Modification time never checked.
#  File has not been updated.
#  recipe to execute (from 'Makefile', line 94):
	$(LDC) $(DFLAGS) -c -of=$@ $<

# Not a target:
libd/bclib/memory/box.d:
#  Implicit rule search has not been done.
#  Modification time never checked.
#  File has not been updated.

# Not a target:
Makefile:
#  Implicit rule search has been done.
#  Last modified 2022-06-03 22:25:30.261761869
#  File has been updated.
#  Successfully updated.

source/tiles.o: source/tiles.d
#  Implicit rule search has not been done.
#  Implicit/static pattern stem: 'source/tiles'
#  Modification time never checked.
#  File has not been updated.
#  recipe to execute (from 'Makefile', line 94):
	$(LDC) $(DFLAGS) -c -of=$@ $<

# Not a target:
libd/bcmath/package.d:
#  Implicit rule search has not been done.
#  Modification time never checked.
#  File has not been updated.

libd/core/stdc/time.o: libd/core/stdc/time.d
#  Implicit rule search has not been done.
#  Implicit/static pattern stem: 'libd/core/stdc/time'
#  Modification time never checked.
#  File has not been updated.
#  recipe to execute (from 'Makefile', line 94):
	$(LDC) $(DFLAGS) -c -of=$@ $<

# Not a target:
libd/libtind/ds/vector.d:
#  Implicit rule search has not been done.
#  Modification time never checked.
#  File has not been updated.

libd/core/stdc/config.o: libd/core/stdc/config.d
#  Implicit rule search has not been done.
#  Implicit/static pattern stem: 'libd/core/stdc/config'
#  Modification time never checked.
#  File has not been updated.
#  recipe to execute (from 'Makefile', line 94):
	$(LDC) $(DFLAGS) -c -of=$@ $<

libd/bcmath/transform.o: libd/bcmath/transform.d
#  Implicit rule search has not been done.
#  Implicit/static pattern stem: 'libd/bcmath/transform'
#  Modification time never checked.
#  File has not been updated.
#  recipe to execute (from 'Makefile', line 94):
	$(LDC) $(DFLAGS) -c -of=$@ $<

libd/bcmath/valuerange.o: libd/bcmath/valuerange.d
#  Implicit rule search has not been done.
#  Implicit/static pattern stem: 'libd/bcmath/valuerange'
#  Modification time never checked.
#  File has not been updated.
#  recipe to execute (from 'Makefile', line 94):
	$(LDC) $(DFLAGS) -c -of=$@ $<

libd/libtind/util.o: libd/libtind/util.d
#  Implicit rule search has not been done.
#  Implicit/static pattern stem: 'libd/libtind/util'
#  Modification time never checked.
#  File has not been updated.
#  recipe to execute (from 'Makefile', line 94):
	$(LDC) $(DFLAGS) -c -of=$@ $<

libd/tonc/tonc_input.o: libd/tonc/tonc_input.d
#  Implicit rule search has not been done.
#  Implicit/static pattern stem: 'libd/tonc/tonc_input'
#  Modification time never checked.
#  File has not been updated.
#  recipe to execute (from 'Makefile', line 94):
	$(LDC) $(DFLAGS) -c -of=$@ $<

libd/bclib/memory/box.o: libd/bclib/memory/box.d
#  Implicit rule search has not been done.
#  Implicit/static pattern stem: 'libd/bclib/memory/box'
#  Modification time never checked.
#  File has not been updated.
#  recipe to execute (from 'Makefile', line 94):
	$(LDC) $(DFLAGS) -c -of=$@ $<

# Not a target:
libd/bclib/memory/allocator/default_allocator.d:
#  Implicit rule search has not been done.
#  Modification time never checked.
#  File has not been updated.

libd/libtind/ds/set.o: libd/libtind/ds/set.d
#  Implicit rule search has not been done.
#  Implicit/static pattern stem: 'libd/libtind/ds/set'
#  Modification time never checked.
#  File has not been updated.
#  recipe to execute (from 'Makefile', line 94):
	$(LDC) $(DFLAGS) -c -of=$@ $<

# Not a target:
libd/libtind/ds/set.d:
#  Implicit rule search has not been done.
#  Modification time never checked.
#  File has not been updated.

libd/bclib/adt.o: libd/bclib/adt.d
#  Implicit rule search has not been done.
#  Implicit/static pattern stem: 'libd/bclib/adt'
#  Modification time never checked.
#  File has not been updated.
#  recipe to execute (from 'Makefile', line 94):
	$(LDC) $(DFLAGS) -c -of=$@ $<

# Not a target:
libd/tonc/tonc_video.d:
#  Implicit rule search has not been done.
#  Modification time never checked.
#  File has not been updated.

libd/bcmath/box.o: libd/bcmath/box.d
#  Implicit rule search has not been done.
#  Implicit/static pattern stem: 'libd/bcmath/box'
#  Modification time never checked.
#  File has not been updated.
#  recipe to execute (from 'Makefile', line 94):
	$(LDC) $(DFLAGS) -c -of=$@ $<

libd/libtind/ds/heap.o: libd/libtind/ds/heap.d
#  Implicit rule search has not been done.
#  Implicit/static pattern stem: 'libd/libtind/ds/heap'
#  Modification time never checked.
#  File has not been updated.
#  recipe to execute (from 'Makefile', line 94):
	$(LDC) $(DFLAGS) -c -of=$@ $<

# Not a target:
libd/libtind/util.d:
#  Implicit rule search has not been done.
#  Modification time never checked.
#  File has not been updated.

# Not a target:
libd/tonc/tonc_bios.d:
#  Implicit rule search has not been done.
#  Modification time never checked.
#  File has not been updated.

libd/std/system.o: libd/std/system.d
#  Implicit rule search has not been done.
#  Implicit/static pattern stem: 'libd/std/system'
#  Modification time never checked.
 
#  File has not been updated.
#  recipe to execute (from 'Makefile', line 94):
	$(LDC) $(DFLAGS) -c -of=$@ $<

# Not a target:
libd/libgba/maxmod.d:
#  Implicit rule search has not been done.
#  Modification time never checked.
#  File has not been updated.

clean:
#  Phony target (prerequisite of .PHONY).
#  Implicit rule search has not been done.
#  File does not exist.
#  File has not been updated.
#  recipe to execute (from 'Makefile', line 103):
	@rm -fv *.gba
	@rm -fv *.elf
	@rm -fv *.sav
	@rm -fv *.gbfs
	@rm -fv *.map
	@rm -rf $(APP_OBJECTS)
	@rm -rf $(APP_MAIN_OBJECT)

# Not a target:
libd/std/system.d:
#  Implicit rule search has not been done.
#  Modification time never checked.
#  File has not been updated.

libd/bclib/error.o: libd/bclib/error.d
#  Implicit rule search has not been done.
#  Implicit/static pattern stem: 'libd/bclib/error'
#  Modification time never checked.
#  File has not been updated.
#  recipe to execute (from 'Makefile', line 94):
	$(LDC) $(DFLAGS) -c -of=$@ $<

# Not a target:
libd/tonc/tonc_memdef.d:
#  Implicit rule search has not been done.
#  Modification time never checked.
#  File has not been updated.

# Not a target:
libd/tonc/tonc_nocash.d:
#  Implicit rule search has not been done.
#  Modification time never checked.
#  File has not been updated.

# Not a target:
libd/bcmath/misc.d:
#  Implicit rule search has not been done.
#  Modification time never checked.
#  File has not been updated.

libd/bclib/io/package.o: libd/bclib/io/package.d
#  Implicit rule search has not been done.
#  Implicit/static pattern stem: 'libd/bclib/io/package'
#  Modification time never checked.
#  File has not been updated.
#  recipe to execute (from 'Makefile', line 94):
	$(LDC) $(DFLAGS) -c -of=$@ $<

libd/tonc/tonc_math.o: libd/tonc/tonc_math.d
#  Implicit rule search has not been done.
#  Implicit/static pattern stem: 'libd/tonc/tonc_math'
#  Modification time never checked.
#  File has not been updated.
#  recipe to execute (from 'Makefile', line 94):
	$(LDC) $(DFLAGS) -c -of=$@ $<

libd/core/stdc/stdio.o: libd/core/stdc/stdio.d
#  Implicit rule search has not been done.
#  Implicit/static pattern stem: 'libd/core/stdc/stdio'
#  Modification time never checked.
#  File has not been updated.
#  recipe to execute (from 'Makefile', line 94):
	$(LDC) $(DFLAGS) -c -of=$@ $<

libd/bclib/traits/package.o: libd/bclib/traits/package.d
#  Implicit rule search has not been done.
#  Implicit/static pattern stem: 'libd/bclib/traits/package'
#  Modification time never checked.
#  File has not been updated.
#  recipe to execute (from 'Makefile', line 94):
	$(LDC) $(DFLAGS) -c -of=$@ $<

# Not a target:
libd/bclib/format.d:
#  Implicit rule search has not been done.
#  Modification time never checked.
#  File has not been updated.

libd/bclib/allocator/allocator_interface.o: libd/bclib/allocator/allocator_interface.d
#  Implicit rule search has not been done.
#  Implicit/static pattern stem: 'libd/bclib/allocator/allocator_interface'
#  Modification time never checked.
#  File has not been updated.
#  recipe to execute (from 'Makefile', line 94):
	$(LDC) $(DFLAGS) -c -of=$@ $<

# Not a target:
libd/tonc/tonc_core.d:
#  Implicit rule search has not been done.
#  Modification time never checked.
#  File has not been updated.

# Not a target:
libd/core/stdc/stdint.d:
#  Implicit rule search has not been done.
#  Modification time never checked.
#  File has not been updated.

libd/libgba/maxmod.o: libd/libgba/maxmod.d
#  Implicit rule search has not been done.
#  Implicit/static pattern stem: 'libd/libgba/maxmod'
#  Modification time never checked.
#  File has not been updated.
#  recipe to execute (from 'Makefile', line 94):
	$(LDC) $(DFLAGS) -c -of=$@ $<

libd/tonc/tonc_surface.o: libd/tonc/tonc_surface.d
#  Implicit rule search has not been done.
#  Implicit/static pattern stem: 'libd/tonc/tonc_surface'
#  Modification time never checked.
#  File has not been updated.
#  recipe to execute (from 'Makefile', line 94):
	$(LDC) $(DFLAGS) -c -of=$@ $<

# Not a target:
libd/bclib/allocator/package.d:
#  Implicit rule search has not been done.
#  Modification time never checked.
#  File has not been updated.

LineJumper.gba: LineJumper-code.gba
#  Implicit rule search has not been done.
#  Modification time never checked.
#  File has not been updated.
#  recipe to execute (from 'Makefile', line 77):
	cat $^ > $(NAME).gba

# Not a target:
libd/core/stdc/fenv.d:
#  Implicit rule search has not been done.
#  Modification time never checked.
#  File has not been updated.

libd/tonc/package.o: libd/tonc/package.d
#  Implicit rule search has not been done.
#  Implicit/static pattern stem: 'libd/tonc/package'
#  Modification time never checked.
#  File has not been updated.
#  recipe to execute (from 'Makefile', line 94):
	$(LDC) $(DFLAGS) -c -of=$@ $<

# Not a target:
libd/bclib/container/bag.d:
#  Implicit rule search has not been done.
#  Modification time never checked.
#  File has not been updated.

# Not a target:
libd/bcmath/hexagrid2d.d:
#  Implicit rule search has not been done.
#  Modification time never checked.
#  File has not been updated.

# Not a target:
libd/libtind/functional.d:
#  Implicit rule search has not been done.
#  Modification time never checked.
#  File has not been updated.

libd/bcmath/cmath.o: libd/bcmath/cmath.d
#  Implicit rule search has not been done.
#  Implicit/static pattern stem: 'libd/bcmath/cmath'
#  Modification time never checked.
#  File has not been updated.
#  recipe to execute (from 'Makefile', line 94):
	$(LDC) $(DFLAGS) -c -of=$@ $<

libd/bcmath/package.o: libd/bcmath/package.d
#  Implicit rule search has not been done.
#  Implicit/static pattern stem: 'libd/bcmath/package'
#  Modification time never checked.
#  File has not been updated.
#  recipe to execute (from 'Makefile', line 94):
	$(LDC) $(DFLAGS) -c -of=$@ $<

# Not a target:
libd/bclib/adt.d:
#  Implicit rule search has not been done.
#  Modification time never checked.
#  File has not been updated.

# Not a target:
source/types.d:
#  Implicit rule search has not been done.
#  Modification time never checked.
#  File has not been updated.

libd/libtind/ds/dict.o: libd/libtind/ds/dict.d
#  Implicit rule search has not been done.
#  Implicit/static pattern stem: 'libd/libtind/ds/dict'
#  Modification time never checked.
#  File has not been updated.
#  recipe to execute (from 'Makefile', line 94):
	$(LDC) $(DFLAGS) -c -of=$@ $<

# Not a target:
libd/bcmath/matrix.d:
#  Implicit rule search has not been done.
#  Modification time never checked.
#  File has not been updated.

libd/object.o: libd/object.d
#  Implicit rule search has not been done.
#  Implicit/static pattern stem: 'libd/object'
#  Modification time never checked.
#  File has not been updated.
#  recipe to execute (from 'Makefile', line 94):
	$(LDC) $(DFLAGS) -c -of=$@ $<

libd/bclib/io/stdout.o: libd/bclib/io/stdout.d
#  Implicit rule search has not been done.
#  Implicit/static pattern stem: 'libd/bclib/io/stdout'
#  Modification time never checked.
#  File has not been updated.
#  recipe to execute (from 'Makefile', line 94):
	$(LDC) $(DFLAGS) -c -of=$@ $<

LineJumper.gbfs:
#  Implicit rule search has not been done.
#  Modification time never checked.
#  File has not been updated.
#  recipe to execute (from 'Makefile', line 100):
	gbfs $@ $(shell find $(DATA_DIR) -name '*.bin')

# Not a target:
libd/bclib/error.d:
#  Implicit rule search has not been done.
#  Modification time never checked.
#  File has not been updated.

libd/core/stdc/fenv.o: libd/core/stdc/fenv.d
#  Implicit rule search has not been done.
#  Implicit/static pattern stem: 'libd/core/stdc/fenv'
#  Modification time never checked.
#  File has not been updated.
#  recipe to execute (from 'Makefile', line 94):
	$(LDC) $(DFLAGS) -c -of=$@ $<

libd/tonc/tonc_memmap.o: libd/tonc/tonc_memmap.d
#  Implicit rule search has not been done.
#  Implicit/static pattern stem: 'libd/tonc/tonc_memmap'
#  Modification time never checked.
#  File has not been updated.
#  recipe to execute (from 'Makefile', line 94):
	$(LDC) $(DFLAGS) -c -of=$@ $<

# Not a target:
libd/bclib/io/package.d:
#  Implicit rule search has not been done.
#  Modification time never checked.
#  File has not been updated.

libd/bcmath/misc.o: libd/bcmath/misc.d
#  Implicit rule search has not been done.
#  Implicit/static pattern stem: 'libd/bcmath/misc'
#  Modification time never checked.
#  File has not been updated.
#  recipe to execute (from 'Makefile', line 94):
	$(LDC) $(DFLAGS) -c -of=$@ $<

# Not a target:
libd/libtind/nullable.d:
#  Implicit rule search has not been done.
#  Modification time never checked.
#  File has not been updated.

# Not a target:
libd/bcmath/easings.d:
#  Implicit rule search has not been done.
#  Modification time never checked.
#  File has not been updated.

# Not a target:
libd/bclib/allocator/allocator_interface.d:
#  Implicit rule search has not been done.
#  Modification time never checked.
#  File has not been updated.

# Not a target:
libd/bclib/io/print.d:
#  Implicit rule search has not been done.
#  Modification time never checked.
#  File has not been updated.

# Not a target:
.DEFAULT:
#  Implicit rule search has not been done.
#  Modification time never checked.
#  File has not been updated.

# Not a target:
all:
#  Command line target.
#  Implicit rule search has been done.
#  File does not exist.
#  File has not been updated.

libd/bclib/container/package.o: libd/bclib/container/package.d
#  Implicit rule search has not been done.
#  Implicit/static pattern stem: 'libd/bclib/container/package'
#  Modification time never checked.
#  File has not been updated.
#  recipe to execute (from 'Makefile', line 94):
	$(LDC) $(DFLAGS) -c -of=$@ $<

# Not a target:
libd/bclib/string.d:
#  Implicit rule search has not been done.
#  Modification time never checked.
#  File has not been updated.

# Not a target:
libd/libtind/ds/heap.d:
#  Implicit rule search has not been done.
#  Modification time never checked.
#  File has not been updated.

libd/bcmath/easings.o: libd/bcmath/easings.d
#  Implicit rule search has not been done.
#  Implicit/static pattern stem: 'libd/bcmath/easings'
#  Modification time never checked.
#  File has not been updated.
#  recipe to execute (from 'Makefile', line 94):
	$(LDC) $(DFLAGS) -c -of=$@ $<

libd/rt/memory.o: libd/rt/memory.d
#  Implicit rule search has not been done.
#  Implicit/static pattern stem: 'libd/rt/memory'
#  Modification time never checked.
#  File has not been updated.
#  recipe to execute (from 'Makefile', line 94):
	$(LDC) $(DFLAGS) -c -of=$@ $<

libd/bclib/format.o: libd/bclib/format.d
#  Implicit rule search has not been done.
#  Implicit/static pattern stem: 'libd/bclib/format'
#  Modification time never checked.
#  File has not been updated.
#  recipe to execute (from 'Makefile', line 94):
	$(LDC) $(DFLAGS) -c -of=$@ $<

# Not a target:
libd/tonc/tonc_surface.d:
#  Implicit rule search has not been done.
#  Modification time never checked.
#  File has not been updated.

# Not a target:
libd/core/stdc/time.d:
#  Implicit rule search has not been done.
#  Modification time never checked.
#  File has not been updated.

# Not a target:
libd/tonc/tonc_types.d:
#  Implicit rule search has not been done.
#  Modification time never checked.
#  File has not been updated.

build: LineJumper.gba
#  Phony target (prerequisite of .PHONY).
#  Implicit rule search has not been done.
#  File does not exist.
#  File has not been updated.

# Not a target:
libd/tonc/tonc_memmap.d:
#  Implicit rule search has not been done.
#  Modification time never checked.
#  File has not been updated.

source/types.o: source/types.d
#  Implicit rule search has not been done.
#  Implicit/static pattern stem: 'source/types'
#  Modification time never checked.
#  File has not been updated.
#  recipe to execute (from 'Makefile', line 94):
	$(LDC) $(DFLAGS) -c -of=$@ $<

libd/bclib/memory/package.o: libd/bclib/memory/package.d
#  Implicit rule search has not been done.
#  Implicit/static pattern stem: 'libd/bclib/memory/package'
#  Modification time never checked.
#  File has not been updated.
#  recipe to execute (from 'Makefile', line 94):
	$(LDC) $(DFLAGS) -c -of=$@ $<

libd/core/stdc/stddef.o: libd/core/stdc/stddef.d
#  Implicit rule search has not been done.
#  Implicit/static pattern stem: 'libd/core/stdc/stddef'
#  Modification time never checked.
#  File has not been updated.
#  recipe to execute (from 'Makefile', line 94):
	$(LDC) $(DFLAGS) -c -of=$@ $<

# Not a target:
libd/bclib/traits/package.d:
#  Implicit rule search has not been done.
#  Modification time never checked.
#  File has not been updated.

# Not a target:
libd/core/stdc/stdlib.d:
#  Implicit rule search has not been done.
#  Modification time never checked.
#  File has not been updated.

libd/bclib/bitop.o: libd/bclib/bitop.d
#  Implicit rule search has not been done.
#  Implicit/static pattern stem: 'libd/bclib/bitop'
#  Modification time never checked.
#  File has not been updated.
#  recipe to execute (from 'Makefile', line 94):
	$(LDC) $(DFLAGS) -c -of=$@ $<

libd/core/stdc/stdint.o: libd/core/stdc/stdint.d
#  Implicit rule search has not been done.
#  Implicit/static pattern stem: 'libd/core/stdc/stdint'
#  Modification time never checked.
#  File has not been updated.
#  recipe to execute (from 'Makefile', line 94):
	$(LDC) $(DFLAGS) -c -of=$@ $<

libd/tonc/tonc_tte.o: libd/tonc/tonc_tte.d
#  Implicit rule search has not been done.
#  Implicit/static pattern stem: 'libd/tonc/tonc_tte'
#  Modification time never checked.
#  File has not been updated.
#  recipe to execute (from 'Makefile', line 94):
	$(LDC) $(DFLAGS) -c -of=$@ $<

libd/tonc/tonc_memdef.o: libd/tonc/tonc_memdef.d
#  Implicit rule search has not been done.
#  Implicit/static pattern stem: 'libd/tonc/tonc_memdef'
#  Modification time never checked.
#  File has not been updated.
#  recipe to execute (from 'Makefile', line 94):
	$(LDC) $(DFLAGS) -c -of=$@ $<

libd/bclib/ctfe.o: libd/bclib/ctfe.d
#  Implicit rule search has not been done.
#  Implicit/static pattern stem: 'libd/bclib/ctfe'
#  Modification time never checked.
#  File has not been updated.
#  recipe to execute (from 'Makefile', line 94):
	$(LDC) $(DFLAGS) -c -of=$@ $<

no-content: LineJumper-code.gba
#  Implicit rule search has not been done.
#  Modification time never checked.
#  File has not been updated.

# Not a target:
libd/core/stdc/stddef.d:
#  Implicit rule search has not been done.
#  Modification time never checked.
#  File has not been updated.

libd/rt/mmio.o: libd/rt/mmio.d
#  Implicit rule search has not been done.
#  Implicit/static pattern stem: 'libd/rt/mmio'
#  Modification time never checked.
#  File has not been updated.
#  recipe to execute (from 'Makefile', line 94):
	$(LDC) $(DFLAGS) -c -of=$@ $<

libd/tonc/tonc_types.o: libd/tonc/tonc_types.d
#  Implicit rule search has not been done.
#  Implicit/static pattern stem: 'libd/tonc/tonc_types'
#  Modification time never checked.
#  File has not been updated.
#  recipe to execute (from 'Makefile', line 94):
	$(LDC) $(DFLAGS) -c -of=$@ $<

# Not a target:
source/tiles.d:
#  Implicit rule search has not been done.
#  Modification time never checked.
#  File has not been updated.

# Not a target:
libd/bclib/io/stdout.d:
#  Implicit rule search has not been done.
#  Modification time never checked.
#  File has not been updated.
 

# Not a target:
libd/bcmath/box.d:
#  Implicit rule search has not been done.
#  Modification time never checked.
#  File has not been updated.

# Not a target:
libd/core/stdc/config.d:
#  Implicit rule search has not been done.
#  Modification time never checked.
#  File has not been updated.

libd/bclib/util.o: libd/bclib/util.d
#  Implicit rule search has not been done.
#  Implicit/static pattern stem: 'libd/bclib/util'
#  Modification time never checked.
#  File has not been updated.
#  recipe to execute (from 'Makefile', line 94):
	$(LDC) $(DFLAGS) -c -of=$@ $<

LineJumper.elf: libd/libtind/ds/vector.o libd/libtind/ds/dict.o libd/libtind/ds/heap.o libd/libtind/ds/set.o libd/libtind/ds/deque.o libd/libtind/functional.o libd/libtind/mmio.o libd/libtind/util.o libd/libtind/nullable.o libd/bcmath/transform.o libd/bcmath/box.o libd/bcmath/vector.o libd/bcmath/package.o libd/bcmath/valuerange.o libd/bcmath/hexagrid2d.o libd/bcmath/cmath.o libd/bcmath/easings.o libd/bcmath/matrix.o libd/bcmath/misc.o libd/bclib/adt.o libd/bclib/memory/box.o libd/bclib/memory/package.o libd/bclib/memory/allocator/default_allocator.o libd/bclib/memory/allocator/counter_allocator.o libd/bclib/memory/util.o libd/bclib/traits/package.o libd/bclib/traits/traits.o libd/bclib/format.o libd/bclib/allocator/package.o libd/bclib/allocator/allocator_interface.o libd/bclib/bitop.o libd/bclib/io/package.o libd/bclib/io/print.o libd/bclib/io/stdout.o libd/bclib/string.o libd/bclib/util.o libd/bclib/error.o libd/bclib/ctfe.o libd/bclib/match.o libd/bclib/container/dict.o libd/bclib/container/package.o libd/bclib/container/array.o libd/bclib/container/bag.o libd/core/stdc/stdlib.o libd/core/stdc/stdint.o libd/core/stdc/wchar_.o libd/core/stdc/stdio.o libd/core/stdc/time.o libd/core/stdc/config.o libd/core/stdc/stddef.o libd/core/stdc/fenv.o libd/rt/memory.o libd/rt/mmio.o libd/tonc/tonc_core.o libd/tonc/tonc_surface.o libd/tonc/package.o libd/tonc/tonc_irq.o libd/tonc/tonc_text.o libd/tonc/tonc_bios.o libd/tonc/tonc_math.o libd/tonc/tonc_oam.o libd/tonc/tonc_input.o libd/tonc/tonc_types.o libd/tonc/tonc_memmap.o libd/tonc/tonc_tte.o libd/tonc/tonc_memdef.o libd/tonc/tonc_nocash.o libd/tonc/tonc_video.o libd/object.o libd/libgba/maxmod.o libd/libgba/mm_types.o libd/std/system.o source/tiles.o source/types.o source/app.o
#  Implicit rule search has not been done.
#  Modification time never checked.
#  File has not been updated.
#  recipe to execute (from 'Makefile', line 85):
	$(LD) $^ $(LDFLAGS) -o $@

# Not a target:
libd/core/stdc/stdio.d:
#  Implicit rule search has not been done.
#  Modification time never checked.
#  File has not been updated.

# Not a target:
libd/libtind/ds/dict.d:
#  Implicit rule search has not been done.
#  Modification time never checked.
#  File has not been updated.

# Not a target:
libd/tonc/tonc_text.d:
#  Implicit rule search has not been done.
#  Modification time never checked.
#  File has not been updated.

source/app.o: source/app.d
#  Implicit rule search has not been done.
#  Implicit/static pattern stem: 'source/app'
#  Modification time never checked.
#  File has not been updated.
#  recipe to execute (from 'Makefile', line 94):
	$(LDC) $(DFLAGS) -c -of=$@ $<

libd/bclib/container/dict.o: libd/bclib/container/dict.d
#  Implicit rule search has not been done.
#  Implicit/static pattern stem: 'libd/bclib/container/dict'
#  Modification time never checked.
#  File has not been updated.
#  recipe to execute (from 'Makefile', line 94):
	$(LDC) $(DFLAGS) -c -of=$@ $<

libd/tonc/tonc_irq.o: libd/tonc/tonc_irq.d
#  Implicit rule search has not been done.
#  Implicit/static pattern stem: 'libd/tonc/tonc_irq'
#  Modification time never checked.
#  File has not been updated.
#  recipe to execute (from 'Makefile', line 94):
	$(LDC) $(DFLAGS) -c -of=$@ $<

libd/bclib/memory/allocator/counter_allocator.o: libd/bclib/memory/allocator/counter_allocator.d
#  Implicit rule search has not been done.
#  Implicit/static pattern stem: 'libd/bclib/memory/allocator/counter_allocator'
#  Modification time never checked.
#  File has not been updated.
#  recipe to execute (from 'Makefile', line 94):
	$(LDC) $(DFLAGS) -c -of=$@ $<

libd/tonc/tonc_bios.o: libd/tonc/tonc_bios.d
#  Implicit rule search has not been done.
#  Implicit/static pattern stem: 'libd/tonc/tonc_bios'
#  Modification time never checked.
#  File has not been updated.
#  recipe to execute (from 'Makefile', line 94):
	$(LDC) $(DFLAGS) -c -of=$@ $<

# Not a target:
libd/bclib/memory/package.d:
#  Implicit rule search has not been done.
#  Modification time never checked.
#  File has not been updated.

libd/libtind/functional.o: libd/libtind/functional.d
#  Implicit rule search has not been done.
#  Implicit/static pattern stem: 'libd/libtind/functional'
#  Modification time never checked.
#  File has not been updated.
#  recipe to execute (from 'Makefile', line 94):
	$(LDC) $(DFLAGS) -c -of=$@ $<

libd/core/stdc/wchar_.o: libd/core/stdc/wchar_.d
#  Implicit rule search has not been done.
#  Implicit/static pattern stem: 'libd/core/stdc/wchar_'
#  Modification time never checked.
#  File has not been updated.
#  recipe to execute (from 'Makefile', line 94):
	$(LDC) $(DFLAGS) -c -of=$@ $<

# Not a target:
libd/tonc/tonc_math.d:
#  Implicit rule search has not been done.
#  Modification time never checked.
#  File has not been updated.

# Not a target:
libd/bclib/traits/traits.d:
#  Implicit rule search has not been done.
#  Modification time never checked.
#  File has not been updated.

libd/bcmath/vector.o: libd/bcmath/vector.d
#  Implicit rule search has not been done.
#  Implicit/static pattern stem: 'libd/bcmath/vector'
#  Modification time never checked.
#  File has not been updated.
#  recipe to execute (from 'Makefile', line 94):
	$(LDC) $(DFLAGS) -c -of=$@ $<

# Not a target:
libd/libtind/mmio.d:
#  Implicit rule search has not been done.
#  Modification time never checked.
#  File has not been updated.

# Not a target:
libd/bclib/container/package.d:
#  Implicit rule search has not been done.
#  Modification time never checked.
#  File has not been updated.

.PHONY: build clean build
#  Implicit rule search has not been done.
#  Modification time never checked.
#  File has not been updated.

libd/libtind/nullable.o: libd/libtind/nullable.d
#  Implicit rule search has not been done.
#  Implicit/static pattern stem: 'libd/libtind/nullable'
#  Modification time never checked.
#  File has not been updated.
#  recipe to execute (from 'Makefile', line 94):
	$(LDC) $(DFLAGS) -c -of=$@ $<

libd/bclib/memory/util.o: libd/bclib/memory/util.d
#  Implicit rule search has not been done.
#  Implicit/static pattern stem: 'libd/bclib/memory/util'
#  Modification time never checked.
#  File has not been updated.
#  recipe to execute (from 'Makefile', line 94):
	$(LDC) $(DFLAGS) -c -of=$@ $<

libd/tonc/tonc_text.o: libd/tonc/tonc_text.d
#  Implicit rule search has not been done.
#  Implicit/static pattern stem: 'libd/tonc/tonc_text'
#  Modification time never checked.
#  File has not been updated.
#  recipe to execute (from 'Makefile', line 94):
	$(LDC) $(DFLAGS) -c -of=$@ $<

# Not a target:
libd/tonc/tonc_tte.d:
#  Implicit rule search has not been done.
#  Modification time never checked.
#  File has not been updated.

# Not a target:
libd/libgba/mm_types.d:
#  Implicit rule search has not been done.
#  Modification time never checked.
#  File has not been updated.

libd/libtind/mmio.o: libd/libtind/mmio.d
#  Implicit rule search has not been done.
#  Implicit/static pattern stem: 'libd/libtind/mmio'
#  Modification time never checked.
#  File has not been updated.
#  recipe to execute (from 'Makefile', line 94):
	$(LDC) $(DFLAGS) -c -of=$@ $<

libd/bclib/string.o: libd/bclib/string.d
#  Implicit rule search has not been done.
#  Implicit/static pattern stem: 'libd/bclib/string'
#  Modification time never checked.
#  File has not been updated.
#  recipe to execute (from 'Makefile', line 94):
	$(LDC) $(DFLAGS) -c -of=$@ $<

libd/tonc/tonc_oam.o: libd/tonc/tonc_oam.d
#  Implicit rule search has not been done.
#  Implicit/static pattern stem: 'libd/tonc/tonc_oam'
#  Modification time never checked.
#  File has not been updated.
#  recipe to execute (from 'Makefile', line 94):
	$(LDC) $(DFLAGS) -c -of=$@ $<

libd/libtind/ds/deque.o: libd/libtind/ds/deque.d
#  Implicit rule search has not been done.
#  Implicit/static pattern stem: 'libd/libtind/ds/deque'
#  Modification time never checked.
#  File has not been updated.
#  recipe to execute (from 'Makefile', line 94):
	$(LDC) $(DFLAGS) -c -of=$@ $<

libd/bclib/io/print.o: libd/bclib/io/print.d
#  Implicit rule search has not been done.
#  Implicit/static pattern stem: 'libd/bclib/io/print'
#  Modification time never checked.
#  File has not been updated.
#  recipe to execute (from 'Makefile', line 94):
	$(LDC) $(DFLAGS) -c -of=$@ $<

# Not a target:
libd/core/stdc/wchar_.d:
#  Implicit rule search has not been done.
#  Modification time never checked.
#  File has not been updated.

# files hash-table stats:
# Load=162/1024=16%, Rehash=0, Collisions=36/410=9%
# VPATH Search Paths

# No 'vpath' search paths.

# No general ('VPATH' variable) search path.

# strcache buffers: 1 (0) / strings = 254 / storage = 5334 B / avg = 21 B
# current buf: size = 8162 B / used = 5334 B / count = 254 / avg = 21 B

# strcache performance: lookups = 428 / hit rate = 40%
# hash-table stats:
# Load=254/8192=3%, Rehash=0, Collisions=8/428=2%
# Finished Make data base on Sat Jun  4 14:03:09 2022

 
